<?xml version="1.0" encoding="UTF-8"?>
<testng-results skipped="0" failed="0" total="2" passed="2">
  <reporter-output>
  </reporter-output>
  <suite name="Default suite" duration-ms="26465" started-at="2019-06-24T12:35:59Z" finished-at="2019-06-24T12:36:25Z">
    <groups>
    </groups>
    <test name="Default test" duration-ms="26465" started-at="2019-06-24T12:35:59Z" finished-at="2019-06-24T12:36:25Z">
      <class name="com.bec.reporting.tests.BromiumTests">
        <test-method status="PASS" signature="setUp()[pri:0, instance:com.bec.reporting.tests.BromiumTests@47f6473]" name="setUp" is-config="true" duration-ms="6430" started-at="2019-06-24T18:05:59Z" finished-at="2019-06-24T18:06:05Z">
          <reporter-output>
          </reporter-output>
        </test-method> <!-- setUp -->
        <test-method status="PASS" signature="testOpenGmail()[pri:0, instance:com.bec.reporting.tests.BromiumTests@47f6473]" name="testOpenGmail" duration-ms="5938" started-at="2019-06-24T18:06:05Z" finished-at="2019-06-24T18:06:11Z">
          <reporter-output>
          </reporter-output>
        </test-method> <!-- testOpenGmail -->
        <test-method status="PASS" signature="testOpenYoutube()[pri:0, instance:com.bec.reporting.tests.BromiumTests@47f6473]" name="testOpenYoutube" duration-ms="11933" started-at="2019-06-24T18:06:11Z" finished-at="2019-06-24T18:06:23Z">
          <reporter-output>
          </reporter-output>
        </test-method> <!-- testOpenYoutube -->
        <test-method status="PASS" signature="tearDown()[pri:0, instance:com.bec.reporting.tests.BromiumTests@47f6473]" name="tearDown" is-config="true" duration-ms="2143" started-at="2019-06-24T18:06:23Z" finished-at="2019-06-24T18:06:25Z">
          <reporter-output>
          </reporter-output>
        </test-method> <!-- tearDown -->
      </class> <!-- com.bec.reporting.tests.BromiumTests -->
    </test> <!-- Default test -->
  </suite> <!-- Default suite -->
</testng-results>
